try it

try it

now we append

left 1

up 1

down 2

right 3

now we append
left 1
up 1
down 2
right 3
left 1
left 1
cool
cool
cool
cool
right 3
down 2
cool
24cool
24cool
left 1
up 1
down 2
up 1
down 2
left 1
up 1
down 2
right 3
down 2
up 1
exit
up 1
exit man d
exit man d
pwm man
PWM n
PWM n
PWM n
PWM n
PWM n f
left 1
PWM n f
up 1
PWM n f
left 1
PWM n f
left 1
left 1
PWM n f rtyuip
PWM n f rtyuip
PWM n f rtyuip
PWM n f rtyuip
PWM n f rtyuip
PWM n f rtyuip
PWM n f rtyuip
PWM n f rtyuip
PWM n f rtyuip
PWM n f rtyuip
PWM n f rtyuip
PWM n f rtyuip
down 2
down 2
left 1
left 1
left 1
PWM n f rtyuip
PWM n f rtyuip
PWM n f rtyuip
PWM n f rtyuip
PWM n f rtyuip
PWM n f rtyuip
left 1
left 1
left 1
up 1
up 1
PWM n f rtyuip1
left 1
PWM n f rtyuip11\n
PWM n f rtyuip11\n
PWM n f rtyuip11\n
PWM n f rtyuip11\n
PWM n f rtyuip11\n
PWM n f rtyuip11\n
PWM n f rtyuip11\n
PWM n f rtyuip11\n
PWM n f rtyuip11\n1
PWM n f rtyuip11\n1
PWM n f rtyuip11\n1
PWM n f rtyuip11\n1
PWM n f rtyuip11\n1
left 1
left 1
left 1
left 1
left 1
PWM n
PWM n
PWM n
PWM n
left 1
PWM n
up 1
PWM n
PWM n
PWM n
PWM n
up 1
PWM n1
down 2
PWM n1
up 1
PWM n1
left 1
PWM n11
left 1
PWM n11
PWM n11
PWM n11 gh
PWM n11 gh
PWM n11 gh
up 1
down 2
PWM n11 gh
PWM 19 1000 500000
PWM 19 1000 100000
PWM 19 1000 500000
PWM 19 1000 100000
PWM 19 1000 100000
PWM 19 1000 500000
PWM 19 1000 100000
PWM 19 1000 500000
PWM 19 1000 100000
PWM 19 1000 100000
PWM 19 1000 100000
PWM 19 1000 500000
PWM 19 1000 100000
PWM 19 1000 100000
PWM 19 1000 500000
PWM 19 1000 100000
PWM 19 1000 100000
PWM 19 1000 100000
PWM 19 1000 100000
PWM 19 1000 500000
PWM 19 1000 100000
PWM 19 1000 500000
PWM 19 1000 100000
PWM 19 1000 500000
PWM 19 1000 100000
PWM 19 1000 100000
PWM 19 1000 500000
PWM 19 1000 100000
PWM 19 1000 500000
PWM 19 1000 100000
PWM 19 1000 500000
PWM 19 1000 100000
PWM 19 1000 500000
PWM 19 1000 100000
PWM 19 1000 500000
PWM 19 1000 100000
PWM 19 1000 500000
PWM 19 1000 100000
PWM 19 1000 500000
PWM 19 1000 500000
PWM 19 1000 100000
PWM 19 1000 500000
PWM 19 1000 100000
PWM 19 1000 100000
PWM 19 1000 100000
PWM 19 1000 500000
PWM 19 1000 100000
PWM 19 1000 500000
PWM 19 1000 50
PWM 19 1000 50
PWM 19 1000 100000
PWM 19 1000 100
PWM 19 1000 50
PWM 19 1000 100
PWM_DS 19 70
PWM 19 1000 50
PWM 19 1000 100
PWM_DS 19 70
PWM_SET 19 1000 50
PWM_SET 19 1000 50
PWM_DS 19 70
PWM_DS 19 70
PWM_DS 19 70
PWM_DS 19 95
PWM_DS 19 25
PWM_DS 19 25
PWM_DS 19 95
PWM_DS 19 25
PWM_DS 19 95
PWM_DS 19 25
PWM_DS 19 95
PWM_DS 19 25
PWM_DS 19 95
PWM_DS 19 25
PWM_DS 19 95
PWM_DS 19 25
PWM_DS 19 95
PWM_DS 19 25
PWM_DS 19 95
PWM_DS 19 25
PWM_DS 19 95
PWM_DS 19 25
PWM_DS 19 95
PWM_DS 19 95
PWM_SET 19 1000 50
PWM_DS 19 25
PWM_DS 19 95
PWM_DS 19 25
PWM_DS 19 95
PWM_DS 19 25
PWM_DS 19 95
PWM_DS 19 25
PWM_DS 19 95
PWM_DS 19 25
PWM_DS 19 95
PWM_DS 19 25
PWM_DS 19 95
PWM_DS 19 25
PWM_DS 19 25
PWM_DS 19 95
PWM_DS 19 25
PWM_DS 19 95
PWM_DS 19 25
PWM_DS 19 95
PWM_DS 19 25
PWM_DS 19 95
PWM_DS 19 25
PWM_DS 19 95
PWM_DS 19 25
PWM_DS 19 95
PWM_DS 19 25
PWM_DS 19 25
PWM_DS 19 95
PWM_DS 19 25
PWM_DS 19 95
PWM_DS 19 25
PWM_DS 19 95
PWM_DS 19 25
PWM_DS 19 95
PWM_DS 19 25
PWM_DS 19 95
PWM_DS 19 25
PWM_DS 19 95
PWM_DS 19 25
PWM_DS 19 25
PWM_DS 19 25
PWM_DS 19 95
PWM_DS 19 25
PWM_DS 19 25
PWM_DS 19 95
PWM_DS 19 25
down 2
PWM_DS 19 25
PWM_DS 19 100
PWM_DS 19 95
PWM_DS 19 25
PWM_DS 19 100
PWM_DS 19 95
PWM_DS 19 95
PWM_DS 19 25
PWM_DS 19 95
PWM_DS 19 95
PWM_DS 19 95
PWM_DS 19 95
PWM_DS 19 25
PWM_DS 19 0
PWM_DS 19 95
PWM_DS 19 70
PWM_DS 19 95
PWM_DS 19 70
PWM_DS 19 25
PWM_DS 19 95
PWM_DS 19 100
PWM_DS 19 100
PWM_DS 19 25
PWM_DS 19 95
PWM_DS 19 100
PWM_DS 19 255
PWM_DS 19 25
PWM_DS 19 25
PWM_DS 19 95
PWM_DS 19 25
PWM_DS 19 25
PWM_DS 19 95
PWM_DS 19 255
PWM_DS 19 255
PWM_DS 19 95
PWM_DS 19 25
PWM_DS 19 95
PWM_DS 19 255
PWM_DS 19 25
PWM_DS 19 255
PWM_DS 19 95
PWM_DS 19 95
PWM_DS 19 95
PWM_DS 19 25
PWM_DS 19 25
PWM_DS 19 95
PWM_DS 19 255
PWM_DS 19 95
PWM_DS 19 95
PWM_DS 19 255
PWM_DS 19 25
PWM_DS 19 95
PWM_DS 19 255
PWM_DS 19 25
PWM_DS 19 25
PWM_DS 19 95
PWM_DS 19 255
PWM_DS 19 95
PWM_DS 19 255
PWM_DS 19 25
PWM_DS 19 95
PWM_DS 19 25
PWM_DS 19 95
PWM_DS 19 255
right 3
PWM_DS 19 95
PWM_DS 19 255
PWM_DS 19 25
PWM_DS 19 255
PWM_DS 19 95
PWM_DS 19 95
PWM_DS 19 255
PWM_DS 19 255
PWM_DS 19 25
PWM_DS 19 255
PWM_DS 19 95
PWM_DS 19 255
PWM_DS 19 25
PWM_DS 19 95
PWM_DS 19 25
PWM_DS 19 255
PWM_DS 19 255
PWM_DS 19 95
PWM_DS 19 255
PWM_DS 19 95
PWM_DS 19 255
PWM_DS 19 95
PWM_DS 19 255
PWM_DS 19 95
PWM_DS 19 95
PWM_DS 19 255
PWM_DS 19 95
PWM_DS 19 255
PWM_DS 19 255
PWM_DS 19 95
PWM_DS 19 95
PWM_DS 19 95
PWM_DS 19 95
PWM_DS 19 255
PWM_DS 19 95
PWM_DS 19 255
PWM_DS 19 95
PWM_DS 19 255
PWM_DS 19 95
PWM_DS 19 255
PWM_DS 19 95
PWM_DS 19 255
PWM_DS 19 255
PWM_DS 19 255
PWM_DS 19 255
PWM_DS 19 95
PWM_DS 19 255
PWM_DS 19 25
PWM_DS 19 25
PWM_DS 19 25
PWM_DS 19 25
PWM_DS 19 95
PWM_DS 19 25
PWM_DS 19 255
PWM_DS 19 25
PWM_DS 19 255
PWM_DS 19 255
PWM_DS 19 25
PWM_DS 19 95
PWM_DS 19 255
PWM_DS 19 95
PWM_DS 19 95
PWM_DS 19 255
PWM_DS 19 95
PWM_DS 19 255
PWM_DS 19 25
PWM_DS 19 95
PWM_DS 19 95
PWM_DS 19 95
